[debug] [2023-03-06T17:47:38.410Z] ----------------------------------------------------------------------
[debug] [2023-03-06T17:47:38.413Z] Command:       C:\Program Files\nodejs\node.exe C:\Users\Aleem\AppData\Roaming\npm\node_modules\firebase-tools\lib\bin\firebase.js init
[debug] [2023-03-06T17:47:38.413Z] CLI Version:   11.24.0
[debug] [2023-03-06T17:47:38.414Z] Platform:      win32
[debug] [2023-03-06T17:47:38.414Z] Node Version:  v18.12.1
[debug] [2023-03-06T17:47:38.415Z] Time:          Mon Mar 06 2023 22:47:38 GMT+0500 (Pakistan Standard Time)
[debug] [2023-03-06T17:47:38.416Z] ----------------------------------------------------------------------
[debug] 
[debug] [2023-03-06T17:47:38.425Z] > command requires scopes: ["email","openid","https://www.googleapis.com/auth/cloudplatformprojects.readonly","https://www.googleapis.com/auth/firebase","https://www.googleapis.com/auth/cloud-platform"]
[debug] [2023-03-06T17:47:38.426Z] > authorizing via signed-in user (layanalyas05@gmail.com)
[info] 
     ######## #### ########  ######## ########     ###     ######  ########
     ##        ##  ##     ## ##       ##     ##  ##   ##  ##       ##
     ######    ##  ########  ######   ########  #########  ######  ######
     ##        ##  ##    ##  ##       ##     ## ##     ##       ## ##
     ##       #### ##     ## ######## ########  ##     ##  ######  ########

You're about to initialize a Firebase project in this directory:

  C:\Users\Aleem\Documents\Projects\Path-of-Hope

[info] 
=== Project Setup
[info] 
[info] First, let's associate this project directory with a Firebase project.
[info] You can create multiple project aliases by running firebase use --add, 
[info] but for now we'll just set up a default project.
[info] 
[debug] [2023-03-06T17:47:54.064Z] >>> [apiv2][query] GET https://firebase.googleapis.com/v1beta1/projects pageSize=100
[debug] [2023-03-06T17:47:55.017Z] <<< [apiv2][status] GET https://firebase.googleapis.com/v1beta1/projects 200
[debug] [2023-03-06T17:47:55.018Z] <<< [apiv2][body] GET https://firebase.googleapis.com/v1beta1/projects [omitted]
[info] i  Using project path-of-hope (Path Of Hope) 
[info] 
=== Hosting Setup
[info] 
[info] Your public directory is the folder (relative to your project directory) that
[info] will contain Hosting assets to be uploaded with firebase deploy. If you
[info] have a build process for your assets, use your build's output directory.
[info] 
